<?xml version="1.0" encoding="UTF-8"?>
<!-- Generated by org.testng.reporters.JUnitXMLReporter -->
<testsuite hostname="DESKTOP-61K5O6V" ignored="1" name="Default test" tests="1" failures="0" timestamp="2021-06-15T00:23:05 IST" time="1.889" errors="0">
  <testcase name="test_01" time="1.835" classname="APITesting.com.org.api.JsonServerRequest"/>
  <testcase name="test_02" time="0.0" classname="APITesting.com.org.api.JsonServerRequest">
    <ignored/>
  </testcase> <!-- test_02 -->
</testsuite> <!-- Default test -->
